2025/06/16 22:13:26 Failed to connect to database:cannot parse `host= user= password=xxxxx dbname= port=`: invalid port (strconv.ParseUint: parsing "": invalid syntax)
{"time":"2025-06-16T22:28:43.572382452+04:00","level":"INFO","msg":"Logger initialized successfully"}
{"time":"2025-06-16T22:28:43.57341185+04:00","level":"INFO","msg":"Successfully read database credentials","db_host":"interchange.proxy.rlwy.net","db_user":"postgres","db_name":"railway","db_port":"46888","db_pass":"***MASKED***"}
{"time":"2025-06-16T22:42:42.679944446+04:00","level":"INFO","msg":"Logger initialized successfully"}
{"time":"2025-06-16T22:42:42.681398234+04:00","level":"INFO","msg":"Successfully read database credentials","db_host":"interchange.proxy.rlwy.net","db_user":"postgres","db_name":"railway","db_port":"46888","db_pass":"***MASKED***"}
{"time":"2025-06-16T22:44:40.555890993+04:00","level":"ERROR","msg":"ERROR: relation \"jobs\" does not exist (SQLSTATE 42P01)"}
{"time":"2025-06-16T22:45:07.893824149+04:00","level":"INFO","msg":"Logger initialized successfully"}
{"time":"2025-06-16T22:45:07.894857728+04:00","level":"INFO","msg":"Successfully read database credentials","db_host":"interchange.proxy.rlwy.net","db_user":"postgres","db_name":"railway","db_port":"46888","db_pass":"***MASKED***"}
{"time":"2025-06-16T22:45:18.1578549+04:00","level":"INFO","msg":"Logger initialized successfully"}
{"time":"2025-06-16T22:45:18.158967165+04:00","level":"INFO","msg":"Successfully read database credentials","db_host":"interchange.proxy.rlwy.net","db_user":"postgres","db_name":"railway","db_port":"46888","db_pass":"***MASKED***"}
{"time":"2025-06-16T22:45:26.28057558+04:00","level":"ERROR","msg":"ERROR: relation \"jobs\" does not exist (SQLSTATE 42P01)"}
{"time":"2025-06-16T22:46:44.085503895+04:00","level":"INFO","msg":"Logger initialized successfully"}
{"time":"2025-06-16T22:46:44.086995029+04:00","level":"INFO","msg":"Successfully read database credentials","db_host":"interchange.proxy.rlwy.net","db_user":"postgres","db_name":"railway","db_port":"46888","db_pass":"***MASKED***"}
{"time":"2025-06-16T23:01:39.416455256+04:00","level":"INFO","msg":"Logger initialized successfully"}
{"time":"2025-06-16T23:01:39.41749112+04:00","level":"INFO","msg":"Successfully read database credentials","db_host":"interchange.proxy.rlwy.net","db_user":"postgres","db_name":"railway","db_port":"46888","db_pass":"***MASKED***"}
{"time":"2025-06-16T23:04:19.690359752+04:00","level":"INFO","msg":"Logger initialized successfully"}
{"time":"2025-06-16T23:04:19.691652432+04:00","level":"INFO","msg":"Successfully read database credentials","db_host":"interchange.proxy.rlwy.net","db_user":"postgres","db_name":"railway","db_port":"46888","db_pass":"***MASKED***"}
{"time":"2025-06-16T23:04:27.400736646+04:00","level":"INFO","msg":"created new job with id: 3"}
{"time":"2025-06-16T23:19:19.456017709+04:00","level":"INFO","msg":"Logger initialized successfully"}
{"time":"2025-06-16T23:19:19.457619165+04:00","level":"INFO","msg":"Successfully read database credentials","db_host":"interchange.proxy.rlwy.net","db_user":"postgres","db_name":"railway","db_port":"46888","db_pass":"***MASKED***"}
{"time":"2025-06-16T23:19:36.560848686+04:00","level":"ERROR","msg":"job not found with id: %!d(<nil>)"}
{"time":"2025-06-16T23:20:57.567536835+04:00","level":"INFO","msg":"Logger initialized successfully"}
{"time":"2025-06-16T23:20:57.568871001+04:00","level":"INFO","msg":"Successfully read database credentials","db_host":"interchange.proxy.rlwy.net","db_user":"postgres","db_name":"railway","db_port":"46888","db_pass":"***MASKED***"}
{"time":"2025-06-17T22:47:06.786287578+04:00","level":"INFO","msg":"Logger initialized successfully"}
{"time":"2025-06-17T22:47:06.787521432+04:00","level":"INFO","msg":"Successfully read database credentials","db_host":"interchange.proxy.rlwy.net","db_user":"postgres","db_name":"railway","db_port":"46888","db_pass":"***MASKED***"}
{"time":"2025-06-17T22:47:10.10455746+04:00","level":"ERROR","msg":"Failed to migrate database:","!BADKEY":"ERROR: column \"password_hash\" of relation \"users\" contains null values (SQLSTATE 23502)"}
{"time":"2025-06-17T22:47:10.270371547+04:00","level":"INFO","msg":"Admin user not found, creating one..."}
{"time":"2025-06-17T22:47:10.569268596+04:00","level":"ERROR","msg":"FATAL: Could not seed admin user: %v","!BADKEY":"ERROR: column \"password_hash\" of relation \"users\" does not exist (SQLSTATE 42703)"}
{"time":"2025-06-17T22:49:51.049633193+04:00","level":"INFO","msg":"Logger initialized successfully"}
{"time":"2025-06-17T22:49:51.051135269+04:00","level":"INFO","msg":"Successfully read database credentials","db_host":"interchange.proxy.rlwy.net","db_user":"postgres","db_name":"Dispatch","db_port":"46888","db_pass":"***MASKED***"}
{"time":"2025-06-17T22:49:52.771278329+04:00","level":"INFO","msg":"Admin user not found, creating one..."}
{"time":"2025-06-17T22:49:53.173135268+04:00","level":"INFO","msg":"Admin user created successfully."}
{"time":"2025-06-17T22:57:38.954870822+04:00","level":"INFO","msg":"Logger initialized successfully"}
{"time":"2025-06-17T22:57:38.955930724+04:00","level":"INFO","msg":"Successfully read database credentials","db_host":"interchange.proxy.rlwy.net","db_user":"postgres","db_name":"Dispatch","db_port":"46888","db_pass":"***MASKED***"}
{"time":"2025-06-17T22:57:43.471214316+04:00","level":"INFO","msg":"Admin user already exists. Skipping seed."}
{"time":"2025-06-17T22:57:52.65059954+04:00","level":"ERROR","msg":"ERROR: insert or update on table \"jobs\" violates foreign key constraint \"fk_jobs_user\" (SQLSTATE 23503)"}
{"time":"2025-06-17T23:10:48.662417378+04:00","level":"INFO","msg":"Logger initialized successfully"}
{"time":"2025-06-17T23:10:48.663466847+04:00","level":"INFO","msg":"Successfully read database credentials","db_host":"interchange.proxy.rlwy.net","db_user":"postgres","db_name":"Dispatch","db_port":"46888","db_pass":"***MASKED***"}
{"time":"2025-06-17T23:10:49.94518205+04:00","level":"INFO","msg":"Admin user not found, creating one..."}
{"time":"2025-06-17T23:10:50.254249267+04:00","level":"ERROR","msg":"FATAL: Could not seed admin user: %v","!BADKEY":"ERROR: relation \"users\" does not exist (SQLSTATE 42P01)"}
{"time":"2025-06-17T23:11:48.018552858+04:00","level":"INFO","msg":"Logger initialized successfully"}
{"time":"2025-06-17T23:11:48.019597873+04:00","level":"INFO","msg":"Successfully read database credentials","db_host":"interchange.proxy.rlwy.net","db_user":"postgres","db_name":"Dispatch","db_port":"46888","db_pass":"***MASKED***"}
{"time":"2025-06-17T23:11:49.478295638+04:00","level":"INFO","msg":"Admin user not found, creating one..."}
{"time":"2025-06-17T23:11:49.860123454+04:00","level":"INFO","msg":"Admin user created successfully."}
{"time":"2025-06-17T23:12:14.0989561+04:00","level":"INFO","msg":"created new job with id: 1"}
{"time":"2025-06-17T23:12:36.573304326+04:00","level":"INFO","msg":"updated the job with id: 1"}
{"time":"2025-06-17T23:12:44.044309805+04:00","level":"ERROR","msg":"job not found with id: %!d(<nil>)"}
{"time":"2025-06-18T23:28:04.03888876+04:00","level":"INFO","msg":"Logger initialized successfully"}
{"time":"2025-06-18T23:28:04.041565135+04:00","level":"INFO","msg":"Successfully read database credentials","db_host":"interchange.proxy.rlwy.net","db_user":"postgres","db_name":"Dispatch","db_port":"46888","db_pass":"***MASKED***"}
{"time":"2025-06-18T23:28:07.126251553+04:00","level":"INFO","msg":"Admin user already exists. Skipping seed."}
{"time":"2025-06-18T23:28:07.126494525+04:00","level":"INFO","msg":"Job queue initialized","size":100}
{"time":"2025-06-18T23:28:07.126544251+04:00","level":"INFO","msg":"Worker pool started","workers":5}
{"time":"2025-06-18T23:28:07.126556008+04:00","level":"INFO","msg":"Scheduler started"}
{"time":"2025-06-18T23:33:05.178954409+04:00","level":"INFO","msg":"Logger initialized successfully"}
{"time":"2025-06-18T23:33:05.180459131+04:00","level":"INFO","msg":"Successfully read database credentials","db_host":"interchange.proxy.rlwy.net","db_user":"postgres","db_name":"Dispatch","db_port":"46888","db_pass":"***MASKED***"}
{"time":"2025-06-18T23:33:09.593160757+04:00","level":"INFO","msg":"Admin user already exists. Skipping seed."}
{"time":"2025-06-18T23:33:09.59355047+04:00","level":"INFO","msg":"Job queue initialized","size":100}
{"time":"2025-06-18T23:33:09.59357052+04:00","level":"INFO","msg":"Worker pool started","workers":5}
{"time":"2025-06-18T23:33:09.593583834+04:00","level":"INFO","msg":"Scheduler started"}
{"time":"2025-06-18T23:34:01.100525235+04:00","level":"ERROR","msg":"json: cannot unmarshal string into Go struct field Job.schedule of type models.Schedule"}
{"time":"2025-06-18T23:34:09.594963169+04:00","level":"DEBUG","msg":"Scheduler tick","time":"2025-06-18T23:34:09.593829556+04:00"}
{"time":"2025-06-18T23:35:09.59471064+04:00","level":"DEBUG","msg":"Scheduler tick","time":"2025-06-18T23:35:09.593818688+04:00"}
{"time":"2025-06-18T23:36:09.594092797+04:00","level":"DEBUG","msg":"Scheduler tick","time":"2025-06-18T23:36:09.593826772+04:00"}
{"time":"2025-06-18T23:36:17.576471504+04:00","level":"INFO","msg":"Logger initialized successfully"}
{"time":"2025-06-18T23:36:17.577540684+04:00","level":"INFO","msg":"Successfully read database credentials","db_host":"interchange.proxy.rlwy.net","db_user":"postgres","db_name":"Dispatch","db_port":"46888","db_pass":"***MASKED***"}
{"time":"2025-06-18T23:36:22.03443918+04:00","level":"INFO","msg":"Admin user already exists. Skipping seed."}
{"time":"2025-06-18T23:36:22.034545508+04:00","level":"INFO","msg":"Job queue initialized","size":100}
{"time":"2025-06-18T23:36:22.034571514+04:00","level":"INFO","msg":"Worker pool started","workers":5}
{"time":"2025-06-18T23:36:22.034575784+04:00","level":"INFO","msg":"Scheduler started"}
{"time":"2025-06-18T23:36:32.543666164+04:00","level":"ERROR","msg":"Failed to find job with id %!s(int=1): record not found"}
{"time":"2025-06-18T23:36:37.900330304+04:00","level":"INFO","msg":"created new job with id: 1"}
{"time":"2025-06-18T23:37:14.293087022+04:00","level":"INFO","msg":"created new job with id: 2"}
{"time":"2025-06-18T23:37:22.035173489+04:00","level":"DEBUG","msg":"Scheduler tick","time":"2025-06-18T23:37:22.034660506+04:00"}
{"time":"2025-06-18T23:37:22.279948037+04:00","level":"INFO","msg":"Found pending jobs","count":2}
{"time":"2025-06-18T23:38:22.035429289+04:00","level":"DEBUG","msg":"Scheduler tick","time":"2025-06-18T23:38:22.03466286+04:00"}
{"time":"2025-06-18T23:38:22.19950121+04:00","level":"INFO","msg":"Found pending jobs","count":2}
{"time":"2025-06-18T23:38:22.199573976+04:00","level":"INFO","msg":"Job queued for execution","job_id":2}
{"time":"2025-06-18T23:38:22.199595566+04:00","level":"INFO","msg":"Worker picked up a job","worker_id":1,"job_id":2,"job_name":"This will be accepted"}
{"time":"2025-06-18T23:38:22.555080558+04:00","level":"ERROR","msg":"Job execution failed","job_id":2,"error":"exit status 1","output":"sudo: a terminal is required to read the password; either use the -S option to read from standard input or configure an askpass helper\nsudo: a password is required\n"}
{"time":"2025-06-18T23:39:22.035077069+04:00","level":"DEBUG","msg":"Scheduler tick","time":"2025-06-18T23:39:22.034659409+04:00"}
{"time":"2025-06-18T23:39:22.19790078+04:00","level":"INFO","msg":"Found pending jobs","count":1}
{"time":"2025-06-18T23:39:38.78138814+04:00","level":"INFO","msg":"created new job with id: 3"}
{"time":"2025-06-18T23:40:22.035072402+04:00","level":"DEBUG","msg":"Scheduler tick","time":"2025-06-18T23:40:22.034658138+04:00"}
{"time":"2025-06-18T23:40:22.199001083+04:00","level":"INFO","msg":"Found pending jobs","count":2}
{"time":"2025-06-18T23:40:22.199048515+04:00","level":"INFO","msg":"Job queued for execution","job_id":3}
{"time":"2025-06-18T23:40:22.199057936+04:00","level":"INFO","msg":"Worker picked up a job","worker_id":3,"job_id":3,"job_name":"This will be accepted"}
{"time":"2025-06-18T23:40:22.444662271+04:00","level":"INFO","msg":"Job execution succeeded","job_id":3,"output":""}
{"time":"2025-06-18T23:41:22.035234198+04:00","level":"DEBUG","msg":"Scheduler tick","time":"2025-06-18T23:41:22.034662524+04:00"}
{"time":"2025-06-18T23:41:22.198784587+04:00","level":"INFO","msg":"Found pending jobs","count":1}
{"time":"2025-06-18T23:42:22.03567053+04:00","level":"DEBUG","msg":"Scheduler tick","time":"2025-06-18T23:42:22.034654135+04:00"}
{"time":"2025-06-18T23:42:22.199355734+04:00","level":"INFO","msg":"Found pending jobs","count":1}
{"time":"2025-06-18T23:43:22.034955078+04:00","level":"DEBUG","msg":"Scheduler tick","time":"2025-06-18T23:43:22.034663229+04:00"}
{"time":"2025-06-18T23:43:22.200008649+04:00","level":"INFO","msg":"Found pending jobs","count":1}
{"time":"2025-06-18T23:44:22.035214587+04:00","level":"DEBUG","msg":"Scheduler tick","time":"2025-06-18T23:44:22.034657237+04:00"}
{"time":"2025-06-18T23:44:22.201048543+04:00","level":"INFO","msg":"Found pending jobs","count":1}
{"time":"2025-06-18T23:45:22.035014569+04:00","level":"DEBUG","msg":"Scheduler tick","time":"2025-06-18T23:45:22.034658032+04:00"}
{"time":"2025-06-18T23:45:22.201455661+04:00","level":"INFO","msg":"Found pending jobs","count":1}
{"time":"2025-06-18T23:46:22.034898952+04:00","level":"DEBUG","msg":"Scheduler tick","time":"2025-06-18T23:46:22.034657587+04:00"}
{"time":"2025-06-18T23:46:22.198928457+04:00","level":"INFO","msg":"Found pending jobs","count":1}
{"time":"2025-06-18T23:47:22.035177785+04:00","level":"DEBUG","msg":"Scheduler tick","time":"2025-06-18T23:47:22.0346556+04:00"}
{"time":"2025-06-18T23:47:22.225325226+04:00","level":"INFO","msg":"Found pending jobs","count":1}
{"time":"2025-06-18T23:48:22.035427732+04:00","level":"DEBUG","msg":"Scheduler tick","time":"2025-06-18T23:48:22.034656576+04:00"}
{"time":"2025-06-18T23:48:22.202214742+04:00","level":"INFO","msg":"Found pending jobs","count":1}
{"time":"2025-06-18T23:49:22.035499548+04:00","level":"DEBUG","msg":"Scheduler tick","time":"2025-06-18T23:49:22.034655551+04:00"}
{"time":"2025-06-18T23:49:22.198909618+04:00","level":"INFO","msg":"Found pending jobs","count":1}
